<?xml version="1.0" encoding="UTF-8"?>
<!-- Generated by org.testng.reporters.JUnitReportReporter -->
<testsuite hostname="DESKTOP-UDQRS1F" failures="0" tests="3" name="SoftwareTesting.AutomationProject.Test.StandaloneTest" time="45.132" errors="0" timestamp="2024-10-14T20:04:24 IST" skipped="0">
  <testcase classname="SoftwareTesting.AutomationProject.Test.StandaloneTest" name="submitOrder" time="22.189"/>
  <testcase classname="SoftwareTesting.AutomationProject.Test.StandaloneTest" name="submitOrder" time="17.778"/>
  <testcase classname="SoftwareTesting.AutomationProject.Test.StandaloneTest" name="OrderHistoryTest" time="5.165"/>
</testsuite> <!-- SoftwareTesting.AutomationProject.Test.StandaloneTest -->
