<?xml version="1.0" encoding="UTF-8"?>
<!-- Generated by org.testng.reporters.JUnitReportReporter -->
<testsuite hostname="DESKTOP-UDQRS1F" failures="0" tests="2" name="SoftwareTesting.AutomationProject.Test.ErrorValidations" time="21.199" errors="0" timestamp="2024-10-11T00:50:32 IST" skipped="0">
  <testcase classname="SoftwareTesting.AutomationProject.Test.ErrorValidations" name="ProductErrorValidation" time="17.567"/>
  <testcase classname="SoftwareTesting.AutomationProject.Test.ErrorValidations" name="submitOrder" time="3.632"/>
</testsuite> <!-- SoftwareTesting.AutomationProject.Test.ErrorValidations -->
